[debug] [2021-02-04T05:55:05.753Z] ----------------------------------------------------------------------
[debug] [2021-02-04T05:55:05.755Z] Command:       C:\Program Files\nodejs\node.exe C:\Users\adars\AppData\Roaming\npm\node_modules\firebase-tools\lib\bin\firebase.js init
[debug] [2021-02-04T05:55:05.755Z] CLI Version:   9.3.0
[debug] [2021-02-04T05:55:05.756Z] Platform:      win32
[debug] [2021-02-04T05:55:05.756Z] Node Version:  v14.1.0
[debug] [2021-02-04T05:55:05.757Z] Time:          Thu Feb 04 2021 11:25:05 GMT+0530 (India Standard Time)
[debug] [2021-02-04T05:55:05.757Z] ----------------------------------------------------------------------
[debug] [2021-02-04T05:55:05.757Z] 
[debug] [2021-02-04T05:55:05.762Z] > command requires scopes: ["email","openid","https://www.googleapis.com/auth/cloudplatformprojects.readonly","https://www.googleapis.com/auth/firebase","https://www.googleapis.com/auth/cloud-platform"]
[debug] [2021-02-04T05:55:05.763Z] > authorizing via signed-in user
[info] 
     ######## #### ########  ######## ########     ###     ######  ########
     ##        ##  ##     ## ##       ##     ##  ##   ##  ##       ##
     ######    ##  ########  ######   ########  #########  ######  ######
     ##        ##  ##    ##  ##       ##     ## ##     ##       ## ##
     ##       #### ##     ## ######## ########  ##     ##  ######  ########

You're about to initialize a Firebase project in this directory:

  C:\Users\adars\Desktop\Web Projects\quora-clone

Before we get started, keep in mind:

  * You are initializing in an existing Firebase project directory

[info] 
=== Project Setup
[info] 
[info] First, let's associate this project directory with a Firebase project.
[info] You can create multiple project aliases by running firebase use --add, 
[info] but for now we'll just set up a default project.
[info] 
[info] i  .firebaserc already has a default project, using quora-clone-8277c. 
[debug] [2021-02-04T05:55:14.521Z] > refreshing access token with scopes: []
[debug] [2021-02-04T05:55:14.522Z] >>> HTTP REQUEST POST https://www.googleapis.com/oauth2/v3/token  
 <request body omitted>
[debug] [2021-02-04T05:55:14.702Z] <<< HTTP RESPONSE 200 {"expires":"Mon, 01 Jan 1990 00:00:00 GMT","pragma":"no-cache","cache-control":"no-cache, no-store, max-age=0, must-revalidate","date":"Thu, 04 Feb 2021 05:55:15 GMT","content-type":"application/json; charset=utf-8","vary":"X-Origin, Referer, Origin,Accept-Encoding","server":"scaffolding on HTTPServer2","x-xss-protection":"0","x-frame-options":"SAMEORIGIN","x-content-type-options":"nosniff","alt-svc":"h3-29=\":443\"; ma=2592000,h3-T051=\":443\"; ma=2592000,h3-Q050=\":443\"; ma=2592000,h3-Q046=\":443\"; ma=2592000,h3-Q043=\":443\"; ma=2592000,quic=\":443\"; ma=2592000; v=\"46,43\"","accept-ranges":"none","transfer-encoding":"chunked"}
[debug] [2021-02-04T05:55:14.708Z] >>> [apiv2][query] GET https://firebase.googleapis.com/v1beta1/projects/quora-clone-8277c [none]
[debug] [2021-02-04T05:55:15.111Z] <<< [apiv2][status] GET https://firebase.googleapis.com/v1beta1/projects/quora-clone-8277c 200
[debug] [2021-02-04T05:55:15.111Z] <<< [apiv2][body] GET https://firebase.googleapis.com/v1beta1/projects/quora-clone-8277c {"projectId":"quora-clone-8277c","projectNumber":"964701171906","displayName":"quora-clone","name":"projects/quora-clone-8277c","resources":{"hostingSite":"quora-clone-8277c","storageBucket":"quora-clone-8277c.appspot.com","locationId":"us-central"},"state":"ACTIVE"}
[info] 
=== Hosting Setup
[info] 
[info] Your public directory is the folder (relative to your project directory) that
[info] will contain Hosting assets to be uploaded with firebase deploy. If you
[info] have a build process for your assets, use your build's output directory.
[info] 
